This is pdfTeX, Version 3.14159265-2.6-1.40.16 (TeX Live 2015/Debian) (preloaded format=pdflatex 2016.8.23)  24 AUG 2016 18:09
entering extended mode
 restricted \write18 enabled.
 %&-line parsing enabled.
**main.tex
(./main.tex
LaTeX2e <2016/02/01>
Babel <3.9q> and hyphenation patterns for 81 language(s) loaded.
(/usr/share/texmf/tex/latex/beamer/base/beamer.cls
(/usr/share/texmf/tex/latex/beamer/base/beamerbasercs.sty
Package: beamerbasercs 2012/11/13 (rcs-revision cb16a617839f)
)
Document Class: beamer 2012/10/15 development version 3.24 A class for typesett
ing presentations (rcs-revision 24853e6b98cf)
(/usr/share/texmf/tex/latex/beamer/base/beamerbasemodes.sty
Package: beamerbasemodes 2012/04/15 (rcs-revision cc6557182d97)
\beamer@tempbox=\box26
\beamer@tempcount=\count79
\c@beamerpauses=\count80

(/usr/share/texmf/tex/latex/beamer/base/beamerbasedecode.sty
Package: beamerbasedecode 2010/05/01 (rcs-revision efa082c6111d)
\beamer@slideinframe=\count81
\beamer@minimum=\count82
)
\beamer@commentbox=\box27
\beamer@modecount=\count83
)
(/usr/share/texlive/texmf-dist/tex/generic/oberdiek/ifpdf.sty
Package: ifpdf 2011/01/30 v2.3 Provides the ifpdf switch (HO)
Package ifpdf Info: pdfTeX in PDF mode is detected.
)
\headheight=\dimen102
\headdp=\dimen103
\footheight=\dimen104
\sidebarheight=\dimen105
\beamer@tempdim=\dimen106
\beamer@finalheight=\dimen107
\beamer@animht=\dimen108
\beamer@animdp=\dimen109
\beamer@animwd=\dimen110
\beamer@leftmargin=\dimen111
\beamer@rightmargin=\dimen112
\beamer@leftsidebar=\dimen113
\beamer@rightsidebar=\dimen114
\beamer@boxsize=\dimen115
\beamer@vboxoffset=\dimen116
\beamer@descdefault=\dimen117
\beamer@descriptionwidth=\dimen118
\beamer@lastskip=\skip41
\beamer@areabox=\box28
\beamer@animcurrent=\box29
\beamer@animshowbox=\box30
\beamer@sectionbox=\box31
\beamer@logobox=\box32
\beamer@linebox=\box33
\beamer@sectioncount=\count84
\beamer@subsubsectionmax=\count85
\beamer@subsectionmax=\count86
\beamer@sectionmax=\count87
\beamer@totalheads=\count88
\beamer@headcounter=\count89
\beamer@partstartpage=\count90
\beamer@sectionstartpage=\count91
\beamer@subsectionstartpage=\count92
\beamer@animationtempa=\count93
\beamer@animationtempb=\count94
\beamer@xpos=\count95
\beamer@ypos=\count96
\beamer@showpartnumber=\count97
\beamer@currentsubsection=\count98
\beamer@coveringdepth=\count99
\beamer@sectionadjust=\count100
\beamer@tocsectionnumber=\count101

(/usr/share/texmf/tex/latex/beamer/base/beamerbaseoptions.sty
Package: beamerbaseoptions 2010/04/27 (rcs-revision 982469101dd6)

(/usr/share/texlive/texmf-dist/tex/latex/graphics/keyval.sty
Package: keyval 2014/10/28 v1.15 key=value parser (DPC)
\KV@toks@=\toks14
))
\beamer@paperwidth=\skip42
\beamer@paperheight=\skip43

(/usr/share/texlive/texmf-dist/tex/latex/geometry/geometry.sty
Package: geometry 2010/09/12 v5.6 Page Geometry

(/usr/share/texlive/texmf-dist/tex/generic/oberdiek/ifvtex.sty
Package: ifvtex 2010/03/01 v1.5 Detect VTeX and its facilities (HO)
Package ifvtex Info: VTeX not detected.
)
(/usr/share/texlive/texmf-dist/tex/generic/ifxetex/ifxetex.sty
Package: ifxetex 2010/09/12 v0.6 Provides ifxetex conditional
)
\Gm@cnth=\count102
\Gm@cntv=\count103
\c@Gm@tempcnt=\count104
\Gm@bindingoffset=\dimen119
\Gm@wd@mp=\dimen120
\Gm@odd@mp=\dimen121
\Gm@even@mp=\dimen122
\Gm@layoutwidth=\dimen123
\Gm@layoutheight=\dimen124
\Gm@layouthoffset=\dimen125
\Gm@layoutvoffset=\dimen126
\Gm@dimlist=\toks15
)
(/usr/share/texlive/texmf-dist/tex/latex/base/size12.clo
File: size12.clo 2014/09/29 v1.4h Standard LaTeX file (size option)
)
(/usr/share/texmf/tex/latex/pgf/basiclayer/pgfcore.sty
(/usr/share/texlive/texmf-dist/tex/latex/graphics/graphicx.sty
Package: graphicx 2014/10/28 v1.0g Enhanced LaTeX Graphics (DPC,SPQR)

(/usr/share/texlive/texmf-dist/tex/latex/graphics/graphics.sty
Package: graphics 2016/01/03 v1.0q Standard LaTeX Graphics (DPC,SPQR)

(/usr/share/texlive/texmf-dist/tex/latex/graphics/trig.sty
Package: trig 2016/01/03 v1.10 sin cos tan (DPC)
)
(/usr/share/texlive/texmf-dist/tex/latex/latexconfig/graphics.cfg
File: graphics.cfg 2010/04/23 v1.9 graphics configuration of TeX Live
)
Package graphics Info: Driver file: pdftex.def on input line 95.

(/usr/share/texlive/texmf-dist/tex/latex/pdftex-def/pdftex.def
File: pdftex.def 2011/05/27 v0.06d Graphics/color for pdfTeX

(/usr/share/texlive/texmf-dist/tex/generic/oberdiek/infwarerr.sty
Package: infwarerr 2010/04/08 v1.3 Providing info/warning/error messages (HO)
)
(/usr/share/texlive/texmf-dist/tex/generic/oberdiek/ltxcmds.sty
Package: ltxcmds 2011/11/09 v1.22 LaTeX kernel commands for general use (HO)
)
\Gread@gobject=\count105
))
\Gin@req@height=\dimen127
\Gin@req@width=\dimen128
)
(/usr/share/texmf/tex/latex/pgf/systemlayer/pgfsys.sty
(/usr/share/texmf/tex/latex/pgf/utilities/pgfrcs.sty
(/usr/share/texmf/tex/generic/pgf/utilities/pgfutil-common.tex
\pgfutil@everybye=\toks16
)
(/usr/share/texmf/tex/generic/pgf/utilities/pgfutil-latex.def
\pgfutil@abb=\box34

(/usr/share/texlive/texmf-dist/tex/latex/ms/everyshi.sty
Package: everyshi 2001/05/15 v3.00 EveryShipout Package (MS)
))
(/usr/share/texmf/tex/generic/pgf/utilities/pgfrcs.code.tex
Package: pgfrcs 2010/10/25 v2.10 (rcs-revision 1.24)
))
(/usr/share/texmf/tex/generic/pgf/systemlayer/pgfsys.code.tex
Package: pgfsys 2010/06/30 v2.10 (rcs-revision 1.37)

(/usr/share/texmf/tex/generic/pgf/utilities/pgfkeys.code.tex
\pgfkeys@pathtoks=\toks17
\pgfkeys@temptoks=\toks18

(/usr/share/texmf/tex/generic/pgf/utilities/pgfkeysfiltered.code.tex
\pgfkeys@tmptoks=\toks19
))
\pgf@x=\dimen129
\pgf@y=\dimen130
\pgf@xa=\dimen131
\pgf@ya=\dimen132
\pgf@xb=\dimen133
\pgf@yb=\dimen134
\pgf@xc=\dimen135
\pgf@yc=\dimen136
\w@pgf@writea=\write3
\r@pgf@reada=\read1
\c@pgf@counta=\count106
\c@pgf@countb=\count107
\c@pgf@countc=\count108
\c@pgf@countd=\count109

(/usr/share/texmf/tex/generic/pgf/systemlayer/pgf.cfg
File: pgf.cfg 2008/05/14  (rcs-revision 1.7)
)
Package pgfsys Info: Driver file for pgf: pgfsys-pdftex.def on input line 900.

(/usr/share/texmf/tex/generic/pgf/systemlayer/pgfsys-pdftex.def
File: pgfsys-pdftex.def 2009/05/22  (rcs-revision 1.26)

(/usr/share/texmf/tex/generic/pgf/systemlayer/pgfsys-common-pdf.def
File: pgfsys-common-pdf.def 2008/05/19  (rcs-revision 1.10)
)))
(/usr/share/texmf/tex/generic/pgf/systemlayer/pgfsyssoftpath.code.tex
File: pgfsyssoftpath.code.tex 2008/07/18  (rcs-revision 1.7)
\pgfsyssoftpath@smallbuffer@items=\count110
\pgfsyssoftpath@bigbuffer@items=\count111
)
(/usr/share/texmf/tex/generic/pgf/systemlayer/pgfsysprotocol.code.tex
File: pgfsysprotocol.code.tex 2006/10/16  (rcs-revision 1.4)
))
(/usr/share/texmf/tex/latex/xcolor/xcolor.sty
Package: xcolor 2007/01/21 v2.11 LaTeX color extensions (UK)

(/usr/share/texlive/texmf-dist/tex/latex/latexconfig/color.cfg
File: color.cfg 2007/01/18 v1.5 color configuration of teTeX/TeXLive
)
Package xcolor Info: Driver file: pdftex.def on input line 225.
Package xcolor Info: Model `cmy' substituted by `cmy0' on input line 1337.
Package xcolor Info: Model `hsb' substituted by `rgb' on input line 1341.
Package xcolor Info: Model `RGB' extended on input line 1353.
Package xcolor Info: Model `HTML' substituted by `rgb' on input line 1355.
Package xcolor Info: Model `Hsb' substituted by `hsb' on input line 1356.
Package xcolor Info: Model `tHsb' substituted by `hsb' on input line 1357.
Package xcolor Info: Model `HSB' substituted by `hsb' on input line 1358.
Package xcolor Info: Model `Gray' substituted by `gray' on input line 1359.
Package xcolor Info: Model `wave' substituted by `hsb' on input line 1360.
)
(/usr/share/texmf/tex/generic/pgf/basiclayer/pgfcore.code.tex
Package: pgfcore 2010/04/11 v2.10 (rcs-revision 1.7)

(/usr/share/texmf/tex/generic/pgf/math/pgfmath.code.tex
(/usr/share/texmf/tex/generic/pgf/math/pgfmathcalc.code.tex
(/usr/share/texmf/tex/generic/pgf/math/pgfmathutil.code.tex)
(/usr/share/texmf/tex/generic/pgf/math/pgfmathparser.code.tex
\pgfmath@dimen=\dimen137
\pgfmath@count=\count112
\pgfmath@box=\box35
\pgfmath@toks=\toks20
\pgfmath@stack@operand=\toks21
\pgfmath@stack@operation=\toks22
)
(/usr/share/texmf/tex/generic/pgf/math/pgfmathfunctions.code.tex
(/usr/share/texmf/tex/generic/pgf/math/pgfmathfunctions.basic.code.tex)
(/usr/share/texmf/tex/generic/pgf/math/pgfmathfunctions.trigonometric.code.tex)
(/usr/share/texmf/tex/generic/pgf/math/pgfmathfunctions.random.code.tex)
(/usr/share/texmf/tex/generic/pgf/math/pgfmathfunctions.comparison.code.tex)
(/usr/share/texmf/tex/generic/pgf/math/pgfmathfunctions.base.code.tex)
(/usr/share/texmf/tex/generic/pgf/math/pgfmathfunctions.round.code.tex)
(/usr/share/texmf/tex/generic/pgf/math/pgfmathfunctions.misc.code.tex)))
(/usr/share/texmf/tex/generic/pgf/math/pgfmathfloat.code.tex
\c@pgfmathroundto@lastzeros=\count113
))
(/usr/share/texmf/tex/generic/pgf/basiclayer/pgfcorepoints.code.tex
File: pgfcorepoints.code.tex 2010/04/09  (rcs-revision 1.20)
\pgf@picminx=\dimen138
\pgf@picmaxx=\dimen139
\pgf@picminy=\dimen140
\pgf@picmaxy=\dimen141
\pgf@pathminx=\dimen142
\pgf@pathmaxx=\dimen143
\pgf@pathminy=\dimen144
\pgf@pathmaxy=\dimen145
\pgf@xx=\dimen146
\pgf@xy=\dimen147
\pgf@yx=\dimen148
\pgf@yy=\dimen149
\pgf@zx=\dimen150
\pgf@zy=\dimen151
)
(/usr/share/texmf/tex/generic/pgf/basiclayer/pgfcorepathconstruct.code.tex
File: pgfcorepathconstruct.code.tex 2010/08/03  (rcs-revision 1.24)
\pgf@path@lastx=\dimen152
\pgf@path@lasty=\dimen153
)
(/usr/share/texmf/tex/generic/pgf/basiclayer/pgfcorepathusage.code.tex
File: pgfcorepathusage.code.tex 2008/04/22  (rcs-revision 1.12)
\pgf@shorten@end@additional=\dimen154
\pgf@shorten@start@additional=\dimen155
)
(/usr/share/texmf/tex/generic/pgf/basiclayer/pgfcorescopes.code.tex
File: pgfcorescopes.code.tex 2010/09/08  (rcs-revision 1.34)
\pgfpic=\box36
\pgf@hbox=\box37
\pgf@layerbox@main=\box38
\pgf@picture@serial@count=\count114
)
(/usr/share/texmf/tex/generic/pgf/basiclayer/pgfcoregraphicstate.code.tex
File: pgfcoregraphicstate.code.tex 2008/04/22  (rcs-revision 1.9)
\pgflinewidth=\dimen156
)
(/usr/share/texmf/tex/generic/pgf/basiclayer/pgfcoretransformations.code.tex
File: pgfcoretransformations.code.tex 2009/06/10  (rcs-revision 1.11)
\pgf@pt@x=\dimen157
\pgf@pt@y=\dimen158
\pgf@pt@temp=\dimen159
)
(/usr/share/texmf/tex/generic/pgf/basiclayer/pgfcorequick.code.tex
File: pgfcorequick.code.tex 2008/10/09  (rcs-revision 1.3)
)
(/usr/share/texmf/tex/generic/pgf/basiclayer/pgfcoreobjects.code.tex
File: pgfcoreobjects.code.tex 2006/10/11  (rcs-revision 1.2)
)
(/usr/share/texmf/tex/generic/pgf/basiclayer/pgfcorepathprocessing.code.tex
File: pgfcorepathprocessing.code.tex 2008/10/09  (rcs-revision 1.8)
)
(/usr/share/texmf/tex/generic/pgf/basiclayer/pgfcorearrows.code.tex
File: pgfcorearrows.code.tex 2008/04/23  (rcs-revision 1.11)
)
(/usr/share/texmf/tex/generic/pgf/basiclayer/pgfcoreshade.code.tex
File: pgfcoreshade.code.tex 2008/11/23  (rcs-revision 1.13)
\pgf@max=\dimen160
\pgf@sys@shading@range@num=\count115
)
(/usr/share/texmf/tex/generic/pgf/basiclayer/pgfcoreimage.code.tex
File: pgfcoreimage.code.tex 2010/03/25  (rcs-revision 1.16)

(/usr/share/texmf/tex/generic/pgf/basiclayer/pgfcoreexternal.code.tex
File: pgfcoreexternal.code.tex 2010/09/01  (rcs-revision 1.17)
\pgfexternal@startupbox=\box39
))
(/usr/share/texmf/tex/generic/pgf/basiclayer/pgfcorelayers.code.tex
File: pgfcorelayers.code.tex 2010/08/27  (rcs-revision 1.2)
)
(/usr/share/texmf/tex/generic/pgf/basiclayer/pgfcoretransparency.code.tex
File: pgfcoretransparency.code.tex 2008/01/17  (rcs-revision 1.2)
)
(/usr/share/texmf/tex/generic/pgf/basiclayer/pgfcorepatterns.code.tex
File: pgfcorepatterns.code.tex 2009/07/02  (rcs-revision 1.3)
)))
(/usr/share/texmf/tex/latex/pgf/utilities/xxcolor.sty
Package: xxcolor 2003/10/24 ver 0.1
\XC@nummixins=\count116
\XC@countmixins=\count117
)
(/usr/share/texlive/texmf-dist/tex/latex/hyperref/hyperref.sty
Package: hyperref 2012/11/06 v6.83m Hypertext links for LaTeX

(/usr/share/texlive/texmf-dist/tex/generic/oberdiek/hobsub-hyperref.sty
Package: hobsub-hyperref 2012/05/28 v1.13 Bundle oberdiek, subset hyperref (HO)


(/usr/share/texlive/texmf-dist/tex/generic/oberdiek/hobsub-generic.sty
Package: hobsub-generic 2012/05/28 v1.13 Bundle oberdiek, subset generic (HO)
Package: hobsub 2012/05/28 v1.13 Construct package bundles (HO)
Package hobsub Info: Skipping package `infwarerr' (already loaded).
Package hobsub Info: Skipping package `ltxcmds' (already loaded).
Package: ifluatex 2010/03/01 v1.3 Provides the ifluatex switch (HO)
Package ifluatex Info: LuaTeX not detected.
Package hobsub Info: Skipping package `ifvtex' (already loaded).
Package: intcalc 2007/09/27 v1.1 Expandable calculations with integers (HO)
Package hobsub Info: Skipping package `ifpdf' (already loaded).
Package: etexcmds 2011/02/16 v1.5 Avoid name clashes with e-TeX commands (HO)
Package etexcmds Info: Could not find \expanded.
(etexcmds)             That can mean that you are not using pdfTeX 1.50 or
(etexcmds)             that some package has redefined \expanded.
(etexcmds)             In the latter case, load this package earlier.
Package: kvsetkeys 2012/04/25 v1.16 Key value parser (HO)
Package: kvdefinekeys 2011/04/07 v1.3 Define keys (HO)
Package: pdftexcmds 2011/11/29 v0.20 Utility functions of pdfTeX for LuaTeX (HO
)
Package pdftexcmds Info: LuaTeX not detected.
Package pdftexcmds Info: \pdf@primitive is available.
Package pdftexcmds Info: \pdf@ifprimitive is available.
Package pdftexcmds Info: \pdfdraftmode found.
Package: pdfescape 2011/11/25 v1.13 Implements pdfTeX's escape features (HO)
Package: bigintcalc 2012/04/08 v1.3 Expandable calculations on big integers (HO
)
Package: bitset 2011/01/30 v1.1 Handle bit-vector datatype (HO)
Package: uniquecounter 2011/01/30 v1.2 Provide unlimited unique counter (HO)
)
Package hobsub Info: Skipping package `hobsub' (already loaded).
Package: letltxmacro 2010/09/02 v1.4 Let assignment for LaTeX macros (HO)
Package: hopatch 2012/05/28 v1.2 Wrapper for package hooks (HO)
Package: xcolor-patch 2011/01/30 xcolor patch
Package: atveryend 2011/06/30 v1.8 Hooks at the very end of document (HO)
Package atveryend Info: \enddocument detected (standard20110627).
Package: atbegshi 2011/10/05 v1.16 At begin shipout hook (HO)
Package: refcount 2011/10/16 v3.4 Data extraction from label references (HO)
Package: hycolor 2011/01/30 v1.7 Color options for hyperref/bookmark (HO)
)
(/usr/share/texlive/texmf-dist/tex/latex/oberdiek/auxhook.sty
Package: auxhook 2011/03/04 v1.3 Hooks for auxiliary files (HO)
)
(/usr/share/texlive/texmf-dist/tex/latex/oberdiek/kvoptions.sty
Package: kvoptions 2011/06/30 v3.11 Key value format for package options (HO)
)
\@linkdim=\dimen161
\Hy@linkcounter=\count118
\Hy@pagecounter=\count119

(/usr/share/texlive/texmf-dist/tex/latex/hyperref/pd1enc.def
File: pd1enc.def 2012/11/06 v6.83m Hyperref: PDFDocEncoding definition (HO)
)
\Hy@SavedSpaceFactor=\count120

(/usr/share/texlive/texmf-dist/tex/latex/latexconfig/hyperref.cfg
File: hyperref.cfg 2002/06/06 v1.2 hyperref configuration of TeXLive
)
Package hyperref Info: Option `bookmarks' set `true' on input line 4319.
Package hyperref Info: Option `bookmarksopen' set `true' on input line 4319.
Package hyperref Info: Option `implicit' set `false' on input line 4319.
Package hyperref Info: Hyper figures OFF on input line 4443.
Package hyperref Info: Link nesting OFF on input line 4448.
Package hyperref Info: Hyper index ON on input line 4451.
Package hyperref Info: Plain pages OFF on input line 4458.
Package hyperref Info: Backreferencing OFF on input line 4463.
Package hyperref Info: Implicit mode OFF; no redefinition of LaTeX internals.
Package hyperref Info: Bookmarks ON on input line 4688.
\c@Hy@tempcnt=\count121

(/usr/share/texlive/texmf-dist/tex/latex/url/url.sty
\Urlmuskip=\muskip10
Package: url 2013/09/16  ver 3.4  Verb mode for urls, etc.
)
LaTeX Info: Redefining \url on input line 5041.
\XeTeXLinkMargin=\dimen162
\Fld@menulength=\count122
\Field@Width=\dimen163
\Fld@charsize=\dimen164
Package hyperref Info: Hyper figures OFF on input line 6295.
Package hyperref Info: Link nesting OFF on input line 6300.
Package hyperref Info: Hyper index ON on input line 6303.
Package hyperref Info: backreferencing OFF on input line 6310.
Package hyperref Info: Link coloring OFF on input line 6315.
Package hyperref Info: Link coloring with OCG OFF on input line 6320.
Package hyperref Info: PDF/A mode OFF on input line 6325.
LaTeX Info: Redefining \ref on input line 6365.
LaTeX Info: Redefining \pageref on input line 6369.
\Hy@abspage=\count123


Package hyperref Message: Stopped early.

)

Package hyperref Message: Driver (autodetected): hpdftex.

(/usr/share/texlive/texmf-dist/tex/latex/hyperref/hpdftex.def
File: hpdftex.def 2012/11/06 v6.83m Hyperref driver for pdfTeX
\Fld@listcount=\count124
\c@bookmark@seq@number=\count125

(/usr/share/texlive/texmf-dist/tex/latex/oberdiek/rerunfilecheck.sty
Package: rerunfilecheck 2011/04/15 v1.7 Rerun checks for auxiliary files (HO)
Package uniquecounter Info: New unique counter `rerunfilecheck' on input line 2
82.
))
(/usr/share/texmf/tex/latex/beamer/base/beamerbaserequires.sty
Package: beamerbaserequires 2010/05/01  (rcs-revision efa082c6111d)

(/usr/share/texmf/tex/latex/beamer/base/beamerbasecompatibility.sty
Package: beamerbasecompatibility 2012/05/01  (rcs-revision 67c48b3b652d)
)
(/usr/share/texmf/tex/latex/beamer/base/beamerbasefont.sty
Package: beamerbasefont 2012/09/19  (rcs-revision 733629cd0c6c)

(/usr/share/texlive/texmf-dist/tex/latex/amsfonts/amssymb.sty
Package: amssymb 2013/01/14 v3.01 AMS font symbols

(/usr/share/texlive/texmf-dist/tex/latex/amsfonts/amsfonts.sty
Package: amsfonts 2013/01/14 v3.01 Basic AMSFonts support
\@emptytoks=\toks23
\symAMSa=\mathgroup4
\symAMSb=\mathgroup5
LaTeX Font Info:    Overwriting math alphabet `\mathfrak' in version `bold'
(Font)                  U/euf/m/n --> U/euf/b/n on input line 106.
)))
(/usr/share/texmf/tex/latex/beamer/base/beamerbasetranslator.sty
Package: beamerbasetranslator 2010/06/11  (rcs-revision 85fd1cc7fc42)

(/usr/share/texmf/tex/latex/beamer/base/translator/translator.sty
Package: translator 2010/06/12 ver 1.10

(/usr/share/texmf/tex/latex/beamer/base/translator/translator-language-mappings
.tex))) (/usr/share/texmf/tex/latex/beamer/base/beamerbasemisc.sty
Package: beamerbasemisc 2012/02/24  (rcs-revision 2ff5461be705)
)
(/usr/share/texmf/tex/latex/beamer/base/beamerbasetwoscreens.sty
Package: beamerbasetwoscreens 2010/05/01  (rcs-revision efa082c6111d)
)
(/usr/share/texmf/tex/latex/beamer/base/beamerbaseoverlay.sty
Package: beamerbaseoverlay 2012/11/11  (rcs-revision 6afbc49b1109)
\beamer@argscount=\count126
\beamer@lastskipcover=\skip44
\beamer@trivlistdepth=\count127
)
(/usr/share/texmf/tex/latex/beamer/base/beamerbasetitle.sty
Package: beamerbasetitle 2010/09/21  (rcs-revision f0446ed0b6ae)
)
(/usr/share/texmf/tex/latex/beamer/base/beamerbasesection.sty
Package: beamerbasesection 2012/11/11  (rcs-revision 0056eef6f17f)
\c@lecture=\count128
\c@part=\count129
\c@section=\count130
\c@subsection=\count131
\c@subsubsection=\count132
)
(/usr/share/texmf/tex/latex/beamer/base/beamerbaseframe.sty
Package: beamerbaseframe 2012/09/13  (rcs-revision dcd846607320)
\beamer@framebox=\box40
\beamer@frametitlebox=\box41
\beamer@zoombox=\box42
\beamer@zoomcount=\count133
\beamer@zoomframecount=\count134
\beamer@frametextheight=\dimen165
\c@subsectionslide=\count135
\beamer@frametopskip=\skip45
\beamer@framebottomskip=\skip46
\beamer@frametopskipautobreak=\skip47
\beamer@framebottomskipautobreak=\skip48
\beamer@envbody=\toks24
\framewidth=\dimen166
\c@framenumber=\count136
)
(/usr/share/texmf/tex/latex/beamer/base/beamerbaseverbatim.sty
Package: beamerbaseverbatim 2012/08/30  (rcs-revision dfdb135076b3)
\beamer@verbatimfileout=\write4
)
(/usr/share/texmf/tex/latex/beamer/base/beamerbaseframesize.sty
Package: beamerbaseframesize 2011/09/12  (rcs-revision 70f9d8411e54)
\beamer@splitbox=\box43
\beamer@autobreakcount=\count137
\beamer@autobreaklastheight=\dimen167
\beamer@frametitletoks=\toks25
\beamer@framesubtitletoks=\toks26
)
(/usr/share/texmf/tex/latex/beamer/base/beamerbaseframecomponents.sty
Package: beamerbaseframecomponents 2012/09/13  (rcs-revision dcd846607320)
\beamer@footins=\box44
)
(/usr/share/texmf/tex/latex/beamer/base/beamerbasecolor.sty
Package: beamerbasecolor 2010/06/06  (rcs-revision d1a9b48be06d)
)
(/usr/share/texmf/tex/latex/beamer/base/beamerbasenotes.sty
Package: beamerbasenotes 2010/05/01  (rcs-revision efa082c6111d)
\beamer@frameboxcopy=\box45
)
(/usr/share/texmf/tex/latex/beamer/base/beamerbasetoc.sty
Package: beamerbasetoc 2012/10/02  (rcs-revision 5ed0f4010e8a)
)
(/usr/share/texmf/tex/latex/beamer/base/beamerbasetemplates.sty
Package: beamerbasetemplates 2010/05/01  (rcs-revision efa082c6111d)
\beamer@sbttoks=\toks27

(/usr/share/texmf/tex/latex/beamer/base/beamerbaseauxtemplates.sty
Package: beamerbaseauxtemplates 2012/05/01  (rcs-revision 67c48b3b652d)

(/usr/share/texmf/tex/latex/beamer/base/beamerbaseboxes.sty
Package: beamerbaseboxes 2012/05/13  (rcs-revision 56972908a390)
\bmb@box=\box46
\bmb@colorbox=\box47
\bmb@boxshadow=\box48
\bmb@boxshadowball=\box49
\bmb@boxshadowballlarge=\box50
\bmb@temp=\dimen168
\bmb@dima=\dimen169
\bmb@dimb=\dimen170
\bmb@prevheight=\dimen171
)
\beamer@blockheadheight=\dimen172
))
(/usr/share/texmf/tex/latex/beamer/base/beamerbaselocalstructure.sty
Package: beamerbaselocalstructure 2012/11/13  (rcs-revision ddfba79dac19)

(/usr/share/texlive/texmf-dist/tex/latex/tools/enumerate.sty
Package: enumerate 2015/07/23 v3.00 enumerate extensions (DPC)
\@enLab=\toks28
)
\c@figure=\count138
\c@table=\count139
\abovecaptionskip=\skip49
\belowcaptionskip=\skip50
)
(/usr/share/texmf/tex/latex/beamer/base/beamerbasenavigation.sty
Package: beamerbasenavigation 2012/04/03  (rcs-revision 42a0f21a412d)
\beamer@section@min@dim=\dimen173
)
(/usr/share/texmf/tex/latex/beamer/base/beamerbasetheorems.sty
Package: beamerbasetheorems 2010/06/06  (rcs-revision 7e7cc5e53e9d)

(/usr/share/texlive/texmf-dist/tex/latex/amsmath/amsmath.sty
Package: amsmath 2016/03/03 v2.15a AMS math features
\@mathmargin=\skip51

For additional information on amsmath, use the `?' option.
(/usr/share/texlive/texmf-dist/tex/latex/amsmath/amstext.sty
Package: amstext 2000/06/29 v2.01 AMS text

(/usr/share/texlive/texmf-dist/tex/latex/amsmath/amsgen.sty
File: amsgen.sty 1999/11/30 v2.0 generic functions
\@emptytoks=\toks29
\ex@=\dimen174
))
(/usr/share/texlive/texmf-dist/tex/latex/amsmath/amsbsy.sty
Package: amsbsy 1999/11/29 v1.2d Bold Symbols
\pmbraise@=\dimen175
)
(/usr/share/texlive/texmf-dist/tex/latex/amsmath/amsopn.sty
Package: amsopn 1999/12/14 v2.01 operator names
)
\inf@bad=\count140
LaTeX Info: Redefining \frac on input line 199.
\uproot@=\count141
\leftroot@=\count142
LaTeX Info: Redefining \overline on input line 297.
\classnum@=\count143
\DOTSCASE@=\count144
LaTeX Info: Redefining \ldots on input line 394.
LaTeX Info: Redefining \dots on input line 397.
LaTeX Info: Redefining \cdots on input line 518.
\Mathstrutbox@=\box51
\strutbox@=\box52
\big@size=\dimen176
LaTeX Font Info:    Redeclaring font encoding OML on input line 630.
LaTeX Font Info:    Redeclaring font encoding OMS on input line 631.
\macc@depth=\count145
\c@MaxMatrixCols=\count146
\dotsspace@=\muskip11
\c@parentequation=\count147
\dspbrk@lvl=\count148
\tag@help=\toks30
\row@=\count149
\column@=\count150
\maxfields@=\count151
\andhelp@=\toks31
\eqnshift@=\dimen177
\alignsep@=\dimen178
\tagshift@=\dimen179
\tagwidth@=\dimen180
\totwidth@=\dimen181
\lineht@=\dimen182
\@envbody=\toks32
\multlinegap=\skip52
\multlinetaggap=\skip53
\mathdisplay@stack=\toks33
LaTeX Info: Redefining \[ on input line 2735.
LaTeX Info: Redefining \] on input line 2736.
)
(/usr/share/texlive/texmf-dist/tex/latex/amscls/amsthm.sty
Package: amsthm 2015/03/04 v2.20.2
\thm@style=\toks34
\thm@bodyfont=\toks35
\thm@headfont=\toks36
\thm@notefont=\toks37
\thm@headpunct=\toks38
\thm@preskip=\skip54
\thm@postskip=\skip55
\thm@headsep=\skip56
\dth@everypar=\toks39
)
\c@theorem=\count152
)
(/usr/share/texmf/tex/latex/beamer/base/beamerbasethemes.sty
Package: beamerbasethemes 2010/05/01  (rcs-revision efa082c6111d)
))
(/usr/share/texmf/tex/latex/beamer/base/themes/theme/beamerthemedefault.sty
Package: beamerthemedefault 2010/06/17  (rcs-revision d02a7cf4d8ae)

(/usr/share/texmf/tex/latex/beamer/base/themes/font/beamerfontthemedefault.sty
Package: beamerfontthemedefault 2010/06/17  (rcs-revision d02a7cf4d8ae)
)
(/usr/share/texmf/tex/latex/beamer/base/themes/color/beamercolorthemedefault.st
y
Package: beamercolorthemedefault 2010/06/17  (rcs-revision d02a7cf4d8ae)
)
(/usr/share/texmf/tex/latex/beamer/base/themes/inner/beamerinnerthemedefault.st
y
Package: beamerinnerthemedefault 2012/05/01  (rcs-revision 67c48b3b652d)
\beamer@dima=\dimen183
\beamer@dimb=\dimen184
)
(/usr/share/texmf/tex/latex/beamer/base/themes/outer/beamerouterthemedefault.st
y
Package: beamerouterthemedefault 2012/10/02  (rcs-revision 5ed0f4010e8a)
))) (/usr/share/texmf/tex/latex/pgf/basiclayer/pgf.sty
Package: pgf 2008/01/15 v2.10 (rcs-revision 1.12)

(/usr/share/texmf/tex/generic/pgf/modules/pgfmoduleshapes.code.tex
File: pgfmoduleshapes.code.tex 2010/09/09  (rcs-revision 1.13)
\pgfnodeparttextbox=\box53
)
(/usr/share/texmf/tex/generic/pgf/modules/pgfmoduleplot.code.tex
File: pgfmoduleplot.code.tex 2010/10/22  (rcs-revision 1.8)
)
(/usr/share/texmf/tex/latex/pgf/compatibility/pgfcomp-version-0-65.sty
Package: pgfcomp-version-0-65 2007/07/03 v2.10 (rcs-revision 1.7)
\pgf@nodesepstart=\dimen185
\pgf@nodesepend=\dimen186
)
(/usr/share/texmf/tex/latex/pgf/compatibility/pgfcomp-version-1-18.sty
Package: pgfcomp-version-1-18 2007/07/23 v2.10 (rcs-revision 1.1)
))
(/usr/share/texlive/texmf-dist/tex/generic/babel/babel.sty
Package: babel 2016/02/24 3.9q The Babel package

(/usr/share/texlive/texmf-dist/tex/generic/babel-danish/danish.ldf
Language: danish 2009/09/19 v1.3r Danish support from the babel system

(/usr/share/texlive/texmf-dist/tex/generic/babel/babel.def
File: babel.def 2016/02/24 3.9q Babel common definitions
\babel@savecnt=\count153
\U@D=\dimen187
LaTeX Info: Redefining \textlatin on input line 1448.
)
Package babel Info: Making " an active character on input line 82.
))
(/usr/share/texlive/texmf-dist/tex/latex/base/inputenc.sty
Package: inputenc 2015/03/17 v1.2c Input encoding file
\inpenc@prehook=\toks40
\inpenc@posthook=\toks41

(/usr/share/texlive/texmf-dist/tex/latex/base/utf8.def
File: utf8.def 2015/12/03 v1.1r UTF-8 support for inputenc
Now handling font encoding OML ...
... no UTF-8 mapping file for font encoding OML
Now handling font encoding T1 ...
... processing UTF-8 mapping file for font encoding T1

(/usr/share/texlive/texmf-dist/tex/latex/base/t1enc.dfu
File: t1enc.dfu 2015/12/03 v1.1r UTF-8 support for inputenc
   defining Unicode char U+00A0 (decimal 160)
   defining Unicode char U+00A1 (decimal 161)
   defining Unicode char U+00A3 (decimal 163)
   defining Unicode char U+00AB (decimal 171)
   defining Unicode char U+00AD (decimal 173)
   defining Unicode char U+00BB (decimal 187)
   defining Unicode char U+00BF (decimal 191)
   defining Unicode char U+00C0 (decimal 192)
   defining Unicode char U+00C1 (decimal 193)
   defining Unicode char U+00C2 (decimal 194)
   defining Unicode char U+00C3 (decimal 195)
   defining Unicode char U+00C4 (decimal 196)
   defining Unicode char U+00C5 (decimal 197)
   defining Unicode char U+00C6 (decimal 198)
   defining Unicode char U+00C7 (decimal 199)
   defining Unicode char U+00C8 (decimal 200)
   defining Unicode char U+00C9 (decimal 201)
   defining Unicode char U+00CA (decimal 202)
   defining Unicode char U+00CB (decimal 203)
   defining Unicode char U+00CC (decimal 204)
   defining Unicode char U+00CD (decimal 205)
   defining Unicode char U+00CE (decimal 206)
   defining Unicode char U+00CF (decimal 207)
   defining Unicode char U+00D0 (decimal 208)
   defining Unicode char U+00D1 (decimal 209)
   defining Unicode char U+00D2 (decimal 210)
   defining Unicode char U+00D3 (decimal 211)
   defining Unicode char U+00D4 (decimal 212)
   defining Unicode char U+00D5 (decimal 213)
   defining Unicode char U+00D6 (decimal 214)
   defining Unicode char U+00D8 (decimal 216)
   defining Unicode char U+00D9 (decimal 217)
   defining Unicode char U+00DA (decimal 218)
   defining Unicode char U+00DB (decimal 219)
   defining Unicode char U+00DC (decimal 220)
   defining Unicode char U+00DD (decimal 221)
   defining Unicode char U+00DE (decimal 222)
   defining Unicode char U+00DF (decimal 223)
   defining Unicode char U+00E0 (decimal 224)
   defining Unicode char U+00E1 (decimal 225)
   defining Unicode char U+00E2 (decimal 226)
   defining Unicode char U+00E3 (decimal 227)
   defining Unicode char U+00E4 (decimal 228)
   defining Unicode char U+00E5 (decimal 229)
   defining Unicode char U+00E6 (decimal 230)
   defining Unicode char U+00E7 (decimal 231)
   defining Unicode char U+00E8 (decimal 232)
   defining Unicode char U+00E9 (decimal 233)
   defining Unicode char U+00EA (decimal 234)
   defining Unicode char U+00EB (decimal 235)
   defining Unicode char U+00EC (decimal 236)
   defining Unicode char U+00ED (decimal 237)
   defining Unicode char U+00EE (decimal 238)
   defining Unicode char U+00EF (decimal 239)
   defining Unicode char U+00F0 (decimal 240)
   defining Unicode char U+00F1 (decimal 241)
   defining Unicode char U+00F2 (decimal 242)
   defining Unicode char U+00F3 (decimal 243)
   defining Unicode char U+00F4 (decimal 244)
   defining Unicode char U+00F5 (decimal 245)
   defining Unicode char U+00F6 (decimal 246)
   defining Unicode char U+00F8 (decimal 248)
   defining Unicode char U+00F9 (decimal 249)
   defining Unicode char U+00FA (decimal 250)
   defining Unicode char U+00FB (decimal 251)
   defining Unicode char U+00FC (decimal 252)
   defining Unicode char U+00FD (decimal 253)
   defining Unicode char U+00FE (decimal 254)
   defining Unicode char U+00FF (decimal 255)
   defining Unicode char U+0100 (decimal 256)
   defining Unicode char U+0101 (decimal 257)
   defining Unicode char U+0102 (decimal 258)
   defining Unicode char U+0103 (decimal 259)
   defining Unicode char U+0104 (decimal 260)
   defining Unicode char U+0105 (decimal 261)
   defining Unicode char U+0106 (decimal 262)
   defining Unicode char U+0107 (decimal 263)
   defining Unicode char U+0108 (decimal 264)
   defining Unicode char U+0109 (decimal 265)
   defining Unicode char U+010A (decimal 266)
   defining Unicode char U+010B (decimal 267)
   defining Unicode char U+010C (decimal 268)
   defining Unicode char U+010D (decimal 269)
   defining Unicode char U+010E (decimal 270)
   defining Unicode char U+010F (decimal 271)
   defining Unicode char U+0110 (decimal 272)
   defining Unicode char U+0111 (decimal 273)
   defining Unicode char U+0112 (decimal 274)
   defining Unicode char U+0113 (decimal 275)
   defining Unicode char U+0114 (decimal 276)
   defining Unicode char U+0115 (decimal 277)
   defining Unicode char U+0116 (decimal 278)
   defining Unicode char U+0117 (decimal 279)
   defining Unicode char U+0118 (decimal 280)
   defining Unicode char U+0119 (decimal 281)
   defining Unicode char U+011A (decimal 282)
   defining Unicode char U+011B (decimal 283)
   defining Unicode char U+011C (decimal 284)
   defining Unicode char U+011D (decimal 285)
   defining Unicode char U+011E (decimal 286)
   defining Unicode char U+011F (decimal 287)
   defining Unicode char U+0120 (decimal 288)
   defining Unicode char U+0121 (decimal 289)
   defining Unicode char U+0122 (decimal 290)
   defining Unicode char U+0123 (decimal 291)
   defining Unicode char U+0124 (decimal 292)
   defining Unicode char U+0125 (decimal 293)
   defining Unicode char U+0128 (decimal 296)
   defining Unicode char U+0129 (decimal 297)
   defining Unicode char U+012A (decimal 298)
   defining Unicode char U+012B (decimal 299)
   defining Unicode char U+012C (decimal 300)
   defining Unicode char U+012D (decimal 301)
   defining Unicode char U+012E (decimal 302)
   defining Unicode char U+012F (decimal 303)
   defining Unicode char U+0130 (decimal 304)
   defining Unicode char U+0131 (decimal 305)
   defining Unicode char U+0132 (decimal 306)
   defining Unicode char U+0133 (decimal 307)
   defining Unicode char U+0134 (decimal 308)
   defining Unicode char U+0135 (decimal 309)
   defining Unicode char U+0136 (decimal 310)
   defining Unicode char U+0137 (decimal 311)
   defining Unicode char U+0139 (decimal 313)
   defining Unicode char U+013A (decimal 314)
   defining Unicode char U+013B (decimal 315)
   defining Unicode char U+013C (decimal 316)
   defining Unicode char U+013D (decimal 317)
   defining Unicode char U+013E (decimal 318)
   defining Unicode char U+0141 (decimal 321)
   defining Unicode char U+0142 (decimal 322)
   defining Unicode char U+0143 (decimal 323)
   defining Unicode char U+0144 (decimal 324)
   defining Unicode char U+0145 (decimal 325)
   defining Unicode char U+0146 (decimal 326)
   defining Unicode char U+0147 (decimal 327)
   defining Unicode char U+0148 (decimal 328)
   defining Unicode char U+014A (decimal 330)
   defining Unicode char U+014B (decimal 331)
   defining Unicode char U+014C (decimal 332)
   defining Unicode char U+014D (decimal 333)
   defining Unicode char U+014E (decimal 334)
   defining Unicode char U+014F (decimal 335)
   defining Unicode char U+0150 (decimal 336)
   defining Unicode char U+0151 (decimal 337)
   defining Unicode char U+0152 (decimal 338)
   defining Unicode char U+0153 (decimal 339)
   defining Unicode char U+0154 (decimal 340)
   defining Unicode char U+0155 (decimal 341)
   defining Unicode char U+0156 (decimal 342)
   defining Unicode char U+0157 (decimal 343)
   defining Unicode char U+0158 (decimal 344)
   defining Unicode char U+0159 (decimal 345)
   defining Unicode char U+015A (decimal 346)
   defining Unicode char U+015B (decimal 347)
   defining Unicode char U+015C (decimal 348)
   defining Unicode char U+015D (decimal 349)
   defining Unicode char U+015E (decimal 350)
   defining Unicode char U+015F (decimal 351)
   defining Unicode char U+0160 (decimal 352)
   defining Unicode char U+0161 (decimal 353)
   defining Unicode char U+0162 (decimal 354)
   defining Unicode char U+0163 (decimal 355)
   defining Unicode char U+0164 (decimal 356)
   defining Unicode char U+0165 (decimal 357)
   defining Unicode char U+0168 (decimal 360)
   defining Unicode char U+0169 (decimal 361)
   defining Unicode char U+016A (decimal 362)
   defining Unicode char U+016B (decimal 363)
   defining Unicode char U+016C (decimal 364)
   defining Unicode char U+016D (decimal 365)
   defining Unicode char U+016E (decimal 366)
   defining Unicode char U+016F (decimal 367)
   defining Unicode char U+0170 (decimal 368)
   defining Unicode char U+0171 (decimal 369)
   defining Unicode char U+0172 (decimal 370)
   defining Unicode char U+0173 (decimal 371)
   defining Unicode char U+0174 (decimal 372)
   defining Unicode char U+0175 (decimal 373)
   defining Unicode char U+0176 (decimal 374)
   defining Unicode char U+0177 (decimal 375)
   defining Unicode char U+0178 (decimal 376)
   defining Unicode char U+0179 (decimal 377)
   defining Unicode char U+017A (decimal 378)
   defining Unicode char U+017B (decimal 379)
   defining Unicode char U+017C (decimal 380)
   defining Unicode char U+017D (decimal 381)
   defining Unicode char U+017E (decimal 382)
   defining Unicode char U+01CD (decimal 461)
   defining Unicode char U+01CE (decimal 462)
   defining Unicode char U+01CF (decimal 463)
   defining Unicode char U+01D0 (decimal 464)
   defining Unicode char U+01D1 (decimal 465)
   defining Unicode char U+01D2 (decimal 466)
   defining Unicode char U+01D3 (decimal 467)
   defining Unicode char U+01D4 (decimal 468)
   defining Unicode char U+01E2 (decimal 482)
   defining Unicode char U+01E3 (decimal 483)
   defining Unicode char U+01E6 (decimal 486)
   defining Unicode char U+01E7 (decimal 487)
   defining Unicode char U+01E8 (decimal 488)
   defining Unicode char U+01E9 (decimal 489)
   defining Unicode char U+01EA (decimal 490)
   defining Unicode char U+01EB (decimal 491)
   defining Unicode char U+01F0 (decimal 496)
   defining Unicode char U+01F4 (decimal 500)
   defining Unicode char U+01F5 (decimal 501)
   defining Unicode char U+0218 (decimal 536)
   defining Unicode char U+0219 (decimal 537)
   defining Unicode char U+021A (decimal 538)
   defining Unicode char U+021B (decimal 539)
   defining Unicode char U+01E02 (decimal 7682)
   defining Unicode char U+01E03 (decimal 7683)
   defining Unicode char U+200C (decimal 8204)
   defining Unicode char U+2013 (decimal 8211)
   defining Unicode char U+2014 (decimal 8212)
   defining Unicode char U+2018 (decimal 8216)
   defining Unicode char U+2019 (decimal 8217)
   defining Unicode char U+201A (decimal 8218)
   defining Unicode char U+201C (decimal 8220)
   defining Unicode char U+201D (decimal 8221)
   defining Unicode char U+201E (decimal 8222)
   defining Unicode char U+2030 (decimal 8240)
   defining Unicode char U+2031 (decimal 8241)
   defining Unicode char U+2039 (decimal 8249)
   defining Unicode char U+203A (decimal 8250)
   defining Unicode char U+2423 (decimal 9251)
)
Now handling font encoding OT1 ...
... processing UTF-8 mapping file for font encoding OT1

(/usr/share/texlive/texmf-dist/tex/latex/base/ot1enc.dfu
File: ot1enc.dfu 2015/12/03 v1.1r UTF-8 support for inputenc
   defining Unicode char U+00A0 (decimal 160)
   defining Unicode char U+00A1 (decimal 161)
   defining Unicode char U+00A3 (decimal 163)
   defining Unicode char U+00AD (decimal 173)
   defining Unicode char U+00B8 (decimal 184)
   defining Unicode char U+00BF (decimal 191)
   defining Unicode char U+00C5 (decimal 197)
   defining Unicode char U+00C6 (decimal 198)
   defining Unicode char U+00D8 (decimal 216)
   defining Unicode char U+00DF (decimal 223)
   defining Unicode char U+00E6 (decimal 230)
   defining Unicode char U+00EC (decimal 236)
   defining Unicode char U+00ED (decimal 237)
   defining Unicode char U+00EE (decimal 238)
   defining Unicode char U+00EF (decimal 239)
   defining Unicode char U+00F8 (decimal 248)
   defining Unicode char U+0131 (decimal 305)
   defining Unicode char U+0141 (decimal 321)
   defining Unicode char U+0142 (decimal 322)
   defining Unicode char U+0152 (decimal 338)
   defining Unicode char U+0153 (decimal 339)
   defining Unicode char U+0174 (decimal 372)
   defining Unicode char U+0175 (decimal 373)
   defining Unicode char U+0176 (decimal 374)
   defining Unicode char U+0177 (decimal 375)
   defining Unicode char U+0218 (decimal 536)
   defining Unicode char U+0219 (decimal 537)
   defining Unicode char U+021A (decimal 538)
   defining Unicode char U+021B (decimal 539)
   defining Unicode char U+2013 (decimal 8211)
   defining Unicode char U+2014 (decimal 8212)
   defining Unicode char U+2018 (decimal 8216)
   defining Unicode char U+2019 (decimal 8217)
   defining Unicode char U+201C (decimal 8220)
   defining Unicode char U+201D (decimal 8221)
)
Now handling font encoding OMS ...
... processing UTF-8 mapping file for font encoding OMS

(/usr/share/texlive/texmf-dist/tex/latex/base/omsenc.dfu
File: omsenc.dfu 2015/12/03 v1.1r UTF-8 support for inputenc
   defining Unicode char U+00A7 (decimal 167)
   defining Unicode char U+00B6 (decimal 182)
   defining Unicode char U+00B7 (decimal 183)
   defining Unicode char U+2020 (decimal 8224)
   defining Unicode char U+2021 (decimal 8225)
   defining Unicode char U+2022 (decimal 8226)
)
Now handling font encoding OMX ...
... no UTF-8 mapping file for font encoding OMX
Now handling font encoding U ...
... no UTF-8 mapping file for font encoding U
Now handling font encoding PD1 ...
... no UTF-8 mapping file for font encoding PD1
   defining Unicode char U+00A9 (decimal 169)
   defining Unicode char U+00AA (decimal 170)
   defining Unicode char U+00AE (decimal 174)
   defining Unicode char U+00BA (decimal 186)
   defining Unicode char U+02C6 (decimal 710)
   defining Unicode char U+02DC (decimal 732)
   defining Unicode char U+200C (decimal 8204)
   defining Unicode char U+2026 (decimal 8230)
   defining Unicode char U+2122 (decimal 8482)
   defining Unicode char U+2423 (decimal 9251)
))
(/usr/share/texmf/tex/latex/beamer/base/themes/theme/compatibility/beamerthemes
plit.sty
Package: beamerthemesplit 2010/06/17  (rcs-revision d02a7cf4d8ae)

(/usr/share/texmf/tex/latex/beamer/base/themes/color/beamercolorthemewhale.sty
Package: beamercolorthemewhale 2010/06/17  (rcs-revision d02a7cf4d8ae)
) (/usr/share/texmf/tex/latex/beamer/base/themes/outer/beamerouterthemesplit.st
y
Package: beamerouterthemesplit 2012/10/16  (rcs-revision 51a8c72084af)
)
(/usr/share/texmf/tex/latex/beamer/base/themes/font/beamerfontthemestructurebol
d.sty
Package: beamerfontthemestructurebold 2010/06/17  (rcs-revision d02a7cf4d8ae)
)) (/usr/share/texlive/texmf-dist/tex/latex/graphics/epsfig.sty
Package: epsfig 1999/02/16 v1.7a (e)psfig emulation (SPQR)
\epsfxsize=\dimen188
\epsfysize=\dimen189
)
(/usr/share/texlive/texmf-dist/tex/latex/subfigure/subfigure.sty
Package: subfigure 2002/03/15 v2.1.5 subfigure package
\subfigtopskip=\skip57
\subfigcapskip=\skip58
\subfigcaptopadj=\dimen190
\subfigbottomskip=\skip59
\subfigcapmargin=\dimen191
\subfiglabelskip=\skip60
\c@subfigure=\count154
\c@lofdepth=\count155
\c@subtable=\count156
\c@lotdepth=\count157

****************************************
* Local config file subfigure.cfg used *
****************************************
(/usr/share/texlive/texmf-dist/tex/latex/subfigure/subfigure.cfg)
\subfig@top=\skip61
\subfig@bottom=\skip62
)
(/usr/share/texlive/texmf-dist/tex/latex/srcltx/srcltx.sty
Package: srcltx 2006/11/12 v1.6 Source specials for inverse search in DVI files


(/usr/share/texlive/texmf-dist/tex/latex/base/ifthen.sty
Package: ifthen 2014/09/29 v1.1c Standard LaTeX ifthen package (DPC)
)
\src@lastline=\count158
\src@new@everypar=\toks42
\src@new@output=\toks43
)
(/usr/share/texlive/texmf-dist/tex/latex/fancybox/fancybox.sty
Package: fancybox 2010/05/15 1.4

Style option: `fancybox' v1.4 <2010/05/15> (tvz)
\@fancybox=\box54
\shadowsize=\dimen192
\@Sbox=\box55
\do@VerbBox=\toks44
\the@fancyput=\toks45
\this@fancyput=\toks46
\EndVerbatimTokens=\toks47
\Verbatim@Outfile=\write5
\Verbatim@Infile=\read2
) (/usr/share/texlive/texmf-dist/tex/latex/listings/listings.sty
\lst@mode=\count159
\lst@gtempboxa=\box56
\lst@token=\toks48
\lst@length=\count160
\lst@currlwidth=\dimen193
\lst@column=\count161
\lst@pos=\count162
\lst@lostspace=\dimen194
\lst@width=\dimen195
\lst@newlines=\count163
\lst@lineno=\count164
\lst@maxwidth=\dimen196

(/usr/share/texlive/texmf-dist/tex/latex/listings/lstmisc.sty
File: lstmisc.sty 2015/06/04 1.6 (Carsten Heinz)
\c@lstnumber=\count165
\lst@skipnumbers=\count166
\lst@framebox=\box57
)
(/usr/share/texlive/texmf-dist/tex/latex/listings/listings.cfg
File: listings.cfg 2015/06/04 1.6 listings configuration
))
Package: listings 2015/06/04 1.6 (Carsten Heinz)

(/usr/share/texlive/texmf-dist/tex/latex/listings/lstlang1.sty
File: lstlang1.sty 2015/06/04 1.6 listings language file
)
(/usr/share/texlive/texmf-dist/tex/latex/listings/lstmisc.sty
File: lstmisc.sty 2015/06/04 1.6 (Carsten Heinz)
)
(/usr/share/texmf/tex/latex/beamer/base/themes/theme/beamerthemePaloAlto.sty
Package: beamerthemePaloAlto 2010/06/17  (rcs-revision d02a7cf4d8ae)

(/usr/share/texmf/tex/latex/beamer/base/themes/outer/beamerouterthemesidebar.st
y
Package: beamerouterthemesidebar 2010/06/17  (rcs-revision d02a7cf4d8ae)
\beamer@sidebarwidth=\dimen197
\beamer@headheight=\dimen198
)
(/usr/share/texmf/tex/latex/beamer/base/themes/inner/beamerinnerthemerounded.st
y
Package: beamerinnerthemerounded 2010/06/17  (rcs-revision d02a7cf4d8ae)
)
(/usr/share/texmf/tex/latex/beamer/base/themes/color/beamercolorthemeorchid.sty
Package: beamercolorthemeorchid 2010/06/17  (rcs-revision d02a7cf4d8ae)
))
(/usr/share/texmf/tex/latex/beamer/base/themes/color/beamercolorthemestructure.
sty
Package: beamercolorthemestructure 2010/06/17  (rcs-revision d02a7cf4d8ae)
)
(/usr/share/texmf/tex/latex/beamer/base/themes/inner/beamerinnerthemecircles.st
y
Package: beamerinnerthemecircles 2010/06/17  (rcs-revision d02a7cf4d8ae)
) (/usr/share/texmf/tex/latex/beamer/base/themes/font/beamerfontthemeserif.sty
Package: beamerfontthemeserif 2010/06/17  (rcs-revision d02a7cf4d8ae)
) (./main.aux (./planejamento.aux))
\openout1 = `main.aux'.

LaTeX Font Info:    Checking defaults for OML/cmm/m/it on input line 58.
LaTeX Font Info:    ... okay on input line 58.
LaTeX Font Info:    Checking defaults for T1/cmr/m/n on input line 58.
LaTeX Font Info:    ... okay on input line 58.
LaTeX Font Info:    Checking defaults for OT1/cmr/m/n on input line 58.
LaTeX Font Info:    ... okay on input line 58.
LaTeX Font Info:    Checking defaults for OMS/cmsy/m/n on input line 58.
LaTeX Font Info:    ... okay on input line 58.
LaTeX Font Info:    Checking defaults for OMX/cmex/m/n on input line 58.
LaTeX Font Info:    ... okay on input line 58.
LaTeX Font Info:    Checking defaults for U/cmr/m/n on input line 58.
LaTeX Font Info:    ... okay on input line 58.
LaTeX Font Info:    Checking defaults for PD1/pdf/m/n on input line 58.
LaTeX Font Info:    ... okay on input line 58.

*geometry* driver: auto-detecting
*geometry* detected driver: pdftex
*geometry* verbose mode - [ preamble ] result:
* driver: pdftex
* paper: custom
* layout: <same size as paper>
* layoutoffset:(h,v)=(0.0pt,0.0pt)
* modes: includehead includefoot 
* h-part:(L,W,R)=(69.22636pt, 280.74263pt, 14.22636pt)
* v-part:(T,H,B)=(0.0pt, 273.14662pt, 0.0pt)
* \paperwidth=364.19536pt
* \paperheight=273.14662pt
* \textwidth=280.74263pt
* \textheight=244.6939pt
* \oddsidemargin=-3.04362pt
* \evensidemargin=-3.04362pt
* \topmargin=-72.26999pt
* \headheight=14.22636pt
* \headsep=0.0pt
* \topskip=12.0pt
* \footskip=14.22636pt
* \marginparwidth=4.0pt
* \marginparsep=10.0pt
* \columnsep=10.0pt
* \skip\footins=10.8pt plus 4.0pt minus 2.0pt
* \hoffset=0.0pt
* \voffset=0.0pt
* \mag=1000
* \@twocolumnfalse
* \@twosidefalse
* \@mparswitchfalse
* \@reversemarginfalse
* (1in=72.27pt=25.4mm, 1cm=28.453pt)

(/usr/share/texlive/texmf-dist/tex/context/base/supp-pdf.mkii
[Loading MPS to PDF converter (version 2006.09.02).]
\scratchcounter=\count167
\scratchdimen=\dimen199
\scratchbox=\box58
\nofMPsegments=\count168
\nofMParguments=\count169
\everyMPshowfont=\toks49
\MPscratchCnt=\count170
\MPscratchDim=\dimen256
\MPnumerator=\count171
\makeMPintoPDFobject=\count172
\everyMPtoPDFconversion=\toks50
) (/usr/share/texlive/texmf-dist/tex/latex/oberdiek/epstopdf-base.sty
Package: epstopdf-base 2010/02/09 v2.5 Base part for package epstopdf

(/usr/share/texlive/texmf-dist/tex/latex/oberdiek/grfext.sty
Package: grfext 2010/08/19 v1.1 Manage graphics extensions (HO)
)
Package grfext Info: Graphics extension search list:
(grfext)             [.png,.pdf,.jpg,.mps,.jpeg,.jbig2,.jb2,.PNG,.PDF,.JPG,.JPE
G,.JBIG2,.JB2,.eps]
(grfext)             \AppendGraphicsExtensions on input line 452.

(/usr/share/texlive/texmf-dist/tex/latex/latexconfig/epstopdf-sys.cfg
File: epstopdf-sys.cfg 2010/07/13 v1.3 Configuration of (r)epstopdf for TeX Liv
e
))
ABD: EveryShipout initializing macros
\AtBeginShipoutBox=\box59
Package hyperref Info: Link coloring OFF on input line 58.

(/usr/share/texlive/texmf-dist/tex/latex/hyperref/nameref.sty
Package: nameref 2012/10/27 v2.43 Cross-referencing by name of section

(/usr/share/texlive/texmf-dist/tex/generic/oberdiek/gettitlestring.sty
Package: gettitlestring 2010/12/03 v1.4 Cleanup title references (HO)
)
\c@section@level=\count173
)
LaTeX Info: Redefining \ref on input line 58.
LaTeX Info: Redefining \pageref on input line 58.
LaTeX Info: Redefining \nameref on input line 58.

(./main.out) (./main.out)
\@outlinefile=\write6
\openout6 = `main.out'.


(/usr/share/texmf/tex/latex/beamer/base/translator/dicts/translator-basic-dicti
onary/translator-basic-dictionary-English.dict
Dictionary: translator-basic-dictionary, Language: English 
)
(/usr/share/texmf/tex/latex/beamer/base/translator/dicts/translator-bibliograph
y-dictionary/translator-bibliography-dictionary-English.dict
Dictionary: translator-bibliography-dictionary, Language: English 
)
(/usr/share/texmf/tex/latex/beamer/base/translator/dicts/translator-environment
-dictionary/translator-environment-dictionary-English.dict
Dictionary: translator-environment-dictionary, Language: English 
)
(/usr/share/texmf/tex/latex/beamer/base/translator/dicts/translator-months-dict
ionary/translator-months-dictionary-English.dict
Dictionary: translator-months-dictionary, Language: English 
)
(/usr/share/texmf/tex/latex/beamer/base/translator/dicts/translator-numbers-dic
tionary/translator-numbers-dictionary-English.dict
Dictionary: translator-numbers-dictionary, Language: English 
)
(/usr/share/texmf/tex/latex/beamer/base/translator/dicts/translator-theorem-dic
tionary/translator-theorem-dictionary-English.dict
Dictionary: translator-theorem-dictionary, Language: English 
)
LaTeX Info: Redefining \includegraphics on input line 58.
\c@lstlisting=\count174
 (./main.nav)
<fga_logo.png, id=41, 96.36pt x 90.3375pt>
File: fga_logo.png Graphic file (type png)
 <use fga_logo.png>
Package pdftex.def Info: fga_logo.png used on input line 58.
(pdftex.def)             Requested size: 22.76228pt x 21.33958pt.


LaTeX Font Warning: Font shape `OT1/cmss/bx/n' in size <4> not available
(Font)              size <5> substituted on input line 60.


Overfull \vbox (3.96194pt too high) has occurred while \output is active []



LaTeX Font Warning: Font shape `OT1/cmss/m/n' in size <4> not available
(Font)              size <5> substituted on input line 60.

File: fga_logo.png Graphic file (type png)
<use fga_logo.png>
Package pdftex.def Info: fga_logo.png used on input line 60.
(pdftex.def)             Requested size: 22.76228pt x 21.33958pt.
 [1{/var/lib/texmf/fonts/map/pdftex/updmap/pdftex.map}

 <./fga_logo.png>] (./main.toc)
Overfull \vbox (3.96194pt too high) has occurred while \output is active []

File: fga_logo.png Graphic file (type png)

<use fga_logo.png>
Package pdftex.def Info: fga_logo.png used on input line 65.
(pdftex.def)             Requested size: 22.76228pt x 21.33958pt.
 [2

]
:<+ planejamento.tex
\openout2 = `planejamento.aux'.

(./planejamento.tex <figs/fig0.png, id=135, 1247.66125pt x 575.14874pt>
File: figs/fig0.png Graphic file (type png)

<use figs/fig0.png>
Package pdftex.def Info: figs/fig0.png used on input line 9.
(pdftex.def)             Requested size: 252.66664pt x 116.46698pt.

Overfull \vbox (3.96194pt too high) has occurred while \output is active []

File: fga_logo.png Graphic file (type png)

<use fga_logo.png>
Package pdftex.def Info: fga_logo.png used on input line 9.
(pdftex.def)             Requested size: 22.76228pt x 21.33958pt.
 [3



 <./figs/fig0.png>]
Overfull \vbox (3.96194pt too high) has occurred while \output is active []

File: fga_logo.png Graphic file (type png)

<use fga_logo.png>
Package pdftex.def Info: fga_logo.png used on input line 18.
(pdftex.def)             Requested size: 22.76228pt x 21.33958pt.
 [4

]
Overfull \vbox (3.96194pt too high) has occurred while \output is active []

File: fga_logo.png Graphic file (type png)

<use fga_logo.png>
Package pdftex.def Info: fga_logo.png used on input line 26.
(pdftex.def)             Requested size: 22.76228pt x 21.33958pt.
 [5

]
Overfull \vbox (3.96194pt too high) has occurred while \output is active []

File: fga_logo.png Graphic file (type png)

<use fga_logo.png>
Package pdftex.def Info: fga_logo.png used on input line 35.
(pdftex.def)             Requested size: 22.76228pt x 21.33958pt.
 [6

] <figs/fig14.png, id=274, 2788.4175pt x 1533.73pt>
File: figs/fig14.png Graphic file (type png)

<use figs/fig14.png>
Package pdftex.def Info: figs/fig14.png used on input line 44.
(pdftex.def)             Requested size: 252.66664pt x 138.96585pt.

Overfull \vbox (3.96194pt too high) has occurred while \output is active []

File: fga_logo.png Graphic file (type png)

<use fga_logo.png>
Package pdftex.def Info: fga_logo.png used on input line 44.
(pdftex.def)             Requested size: 22.76228pt x 21.33958pt.
 [7

 <./figs/fig14.png>]
<figs/fig15.png, id=311, 614.295pt x 460.72125pt>
File: figs/fig15.png Graphic file (type png)
 <use figs/fig15.png>
Package pdftex.def Info: figs/fig15.png used on input line 52.
(pdftex.def)             Requested size: 247.37273pt x 185.5307pt.

Overfull \vbox (3.96194pt too high) has occurred while \output is active []

File: fga_logo.png Graphic file (type png)

<use fga_logo.png>
Package pdftex.def Info: fga_logo.png used on input line 52.
(pdftex.def)             Requested size: 22.76228pt x 21.33958pt.
 [8

 <./figs/fig15.png>]
<figs/fig16.png, id=346, 506.89375pt x 446.66875pt>
File: figs/fig16.png Graphic file (type png)
 <use figs/fig16.png>
Package pdftex.def Info: figs/fig16.png used on input line 61.
(pdftex.def)             Requested size: 210.55035pt x 185.5307pt.

Overfull \vbox (23.95071pt too high) detected at line 61
 []


Overfull \vbox (3.96194pt too high) has occurred while \output is active []

File: fga_logo.png Graphic file (type png)

<use fga_logo.png>
Package pdftex.def Info: fga_logo.png used on input line 61.
(pdftex.def)             Requested size: 22.76228pt x 21.33958pt.
 [9

 <./figs/fig16.png>]
<figs/fig17.png, id=381, 461.725pt x 457.71pt>
File: figs/fig17.png Graphic file (type png)
 <use figs/fig17.png>
Package pdftex.def Info: figs/fig17.png used on input line 69.
(pdftex.def)             Requested size: 187.15964pt x 185.5307pt.

Overfull \vbox (23.95071pt too high) detected at line 69
 []


Overfull \vbox (3.96194pt too high) has occurred while \output is active []

File: fga_logo.png Graphic file (type png)

<use fga_logo.png>
Package pdftex.def Info: fga_logo.png used on input line 69.
(pdftex.def)             Requested size: 22.76228pt x 21.33958pt.
 [10

 <./figs/fig17.png>]
Overfull \vbox (3.96194pt too high) has occurred while \output is active []

File: fga_logo.png Graphic file (type png)

<use fga_logo.png>
Package pdftex.def Info: fga_logo.png used on input line 80.
(pdftex.def)             Requested size: 22.76228pt x 21.33958pt.
 [11

]
LaTeX Font Info:    Try loading font information for OMS+cmss on input line 94.

LaTeX Font Info:    No file OMScmss.fd. on input line 94.


LaTeX Font Warning: Font shape `OMS/cmss/m/n' undefined
(Font)              using `OMS/cmsy/m/n' instead
(Font)              for symbol `textbullet' on input line 94.


Overfull \vbox (3.96194pt too high) has occurred while \output is active []

File: fga_logo.png Graphic file (type png)

<use fga_logo.png>
Package pdftex.def Info: fga_logo.png used on input line 94.
(pdftex.def)             Requested size: 22.76228pt x 21.33958pt.
 [12

]
Overfull \vbox (3.96194pt too high) has occurred while \output is active []

File: fga_logo.png Graphic file (type png)

<use fga_logo.png>
Package pdftex.def Info: fga_logo.png used on input line 103.
(pdftex.def)             Requested size: 22.76228pt x 21.33958pt.
 [13

]
Overfull \vbox (3.96194pt too high) has occurred while \output is active []

File: fga_logo.png Graphic file (type png)

<use fga_logo.png>
Package pdftex.def Info: fga_logo.png used on input line 120.
(pdftex.def)             Requested size: 22.76228pt x 21.33958pt.
 [14

]
Overfull \vbox (3.96194pt too high) has occurred while \output is active []

File: fga_logo.png Graphic file (type png)

<use fga_logo.png>
Package pdftex.def Info: fga_logo.png used on input line 134.
(pdftex.def)             Requested size: 22.76228pt x 21.33958pt.
 [15

]
Overfull \vbox (3.96194pt too high) has occurred while \output is active []

File: fga_logo.png Graphic file (type png)

<use fga_logo.png>
Package pdftex.def Info: fga_logo.png used on input line 147.
(pdftex.def)             Requested size: 22.76228pt x 21.33958pt.
 [16

]
Overfull \vbox (3.96194pt too high) has occurred while \output is active []

File: fga_logo.png Graphic file (type png)

<use fga_logo.png>
Package pdftex.def Info: fga_logo.png used on input line 159.
(pdftex.def)             Requested size: 22.76228pt x 21.33958pt.
 [17

] <figs/fig1.png, id=651, 591.20876pt x 289.08pt>
File: figs/fig1.png Graphic file (type png)

<use figs/fig1.png>
Package pdftex.def Info: figs/fig1.png used on input line 171.
(pdftex.def)             Requested size: 168.44728pt x 82.36218pt.

Overfull \vbox (3.96194pt too high) has occurred while \output is active []

File: fga_logo.png Graphic file (type png)

<use fga_logo.png>
Package pdftex.def Info: fga_logo.png used on input line 171.
(pdftex.def)             Requested size: 22.76228pt x 21.33958pt.
 [18

 <./figs/fig1.png (PNG copy)>]
Overfull \vbox (3.96194pt too high) has occurred while \output is active []

File: fga_logo.png Graphic file (type png)

<use fga_logo.png>
Package pdftex.def Info: fga_logo.png used on input line 180.
(pdftex.def)             Requested size: 22.76228pt x 21.33958pt.
 [19

]
Overfull \vbox (3.96194pt too high) has occurred while \output is active []

File: fga_logo.png Graphic file (type png)

<use fga_logo.png>
Package pdftex.def Info: fga_logo.png used on input line 194.
(pdftex.def)             Requested size: 22.76228pt x 21.33958pt.
 [20

]
Overfull \vbox (3.96194pt too high) has occurred while \output is active []

File: fga_logo.png Graphic file (type png)

<use fga_logo.png>
Package pdftex.def Info: fga_logo.png used on input line 211.
(pdftex.def)             Requested size: 22.76228pt x 21.33958pt.
 [21

]
Overfull \vbox (3.96194pt too high) has occurred while \output is active []

File: fga_logo.png Graphic file (type png)

<use fga_logo.png>
Package pdftex.def Info: fga_logo.png used on input line 228.
(pdftex.def)             Requested size: 22.76228pt x 21.33958pt.
 [22

] <figs/fig19.png, id=819, 1056.94875pt x 432.61626pt>
File: figs/fig19.png Graphic file (type png)

<use figs/fig19.png>
Package pdftex.def Info: figs/fig19.png used on input line 240.
(pdftex.def)             Requested size: 252.66664pt x 103.41414pt.

Overfull \vbox (3.96194pt too high) has occurred while \output is active []

File: fga_logo.png Graphic file (type png)

<use fga_logo.png>
Package pdftex.def Info: fga_logo.png used on input line 240.
(pdftex.def)             Requested size: 22.76228pt x 21.33958pt.
 [23

 <./figs/fig19.png>]
Overfull \vbox (3.96194pt too high) has occurred while \output is active []

File: fga_logo.png Graphic file (type png)

<use fga_logo.png>
Package pdftex.def Info: fga_logo.png used on input line 257.
(pdftex.def)             Requested size: 22.76228pt x 21.33958pt.
 [24

]
Overfull \vbox (3.96194pt too high) has occurred while \output is active []

File: fga_logo.png Graphic file (type png)

<use fga_logo.png>
Package pdftex.def Info: fga_logo.png used on input line 273.
(pdftex.def)             Requested size: 22.76228pt x 21.33958pt.
 [25

]
Overfull \vbox (3.96194pt too high) has occurred while \output is active []

File: fga_logo.png Graphic file (type png)

<use fga_logo.png>
Package pdftex.def Info: fga_logo.png used on input line 286.
(pdftex.def)             Requested size: 22.76228pt x 21.33958pt.
 [26

] <figs/fig2.png, id=954, 866.23625pt x 475.7775pt>
File: figs/fig2.png Graphic file (type png)

<use figs/fig2.png>
Package pdftex.def Info: figs/fig2.png used on input line 295.
(pdftex.def)             Requested size: 252.66664pt x 138.77777pt.

Overfull \vbox (3.96194pt too high) has occurred while \output is active []

File: fga_logo.png Graphic file (type png)

<use fga_logo.png>
Package pdftex.def Info: fga_logo.png used on input line 295.
(pdftex.def)             Requested size: 22.76228pt x 21.33958pt.
 [27

 <./figs/fig2.png>]
Overfull \vbox (3.96194pt too high) has occurred while \output is active []

File: fga_logo.png Graphic file (type png)

<use fga_logo.png>
Package pdftex.def Info: fga_logo.png used on input line 308.
(pdftex.def)             Requested size: 22.76228pt x 21.33958pt.
 [28

]
Overfull \vbox (3.96194pt too high) has occurred while \output is active []

File: fga_logo.png Graphic file (type png)

<use fga_logo.png>
Package pdftex.def Info: fga_logo.png used on input line 322.
(pdftex.def)             Requested size: 22.76228pt x 21.33958pt.
 [29

]
Overfull \vbox (3.96194pt too high) has occurred while \output is active []

File: fga_logo.png Graphic file (type png)

<use fga_logo.png>
Package pdftex.def Info: fga_logo.png used on input line 335.
(pdftex.def)             Requested size: 22.76228pt x 21.33958pt.
 [30

]
Overfull \vbox (3.96194pt too high) has occurred while \output is active []

File: fga_logo.png Graphic file (type png)

<use fga_logo.png>
Package pdftex.def Info: fga_logo.png used on input line 348.
(pdftex.def)             Requested size: 22.76228pt x 21.33958pt.
 [31

] <figs/fig3.png, id=1124, 900.36375pt x 342.27875pt>
File: figs/fig3.png Graphic file (type png)

<use figs/fig3.png>
Package pdftex.def Info: figs/fig3.png used on input line 361.
(pdftex.def)             Requested size: 168.44728pt x 64.03609pt.

Overfull \vbox (3.96194pt too high) has occurred while \output is active []

File: fga_logo.png Graphic file (type png)

<use fga_logo.png>
Package pdftex.def Info: fga_logo.png used on input line 361.
(pdftex.def)             Requested size: 22.76228pt x 21.33958pt.
 [32

 <./figs/fig3.png>]
LaTeX Font Info:    Try loading font information for U+msa on input line 376.

(/usr/share/texlive/texmf-dist/tex/latex/amsfonts/umsa.fd
File: umsa.fd 2013/01/14 v3.01 AMS symbols A
)
LaTeX Font Info:    Try loading font information for U+msb on input line 376.

(/usr/share/texlive/texmf-dist/tex/latex/amsfonts/umsb.fd
File: umsb.fd 2013/01/14 v3.01 AMS symbols B
)
Overfull \vbox (3.96194pt too high) has occurred while \output is active []

File: fga_logo.png Graphic file (type png)

<use fga_logo.png>
Package pdftex.def Info: fga_logo.png used on input line 376.
(pdftex.def)             Requested size: 22.76228pt x 21.33958pt.
 [33

]
Overfull \vbox (3.96194pt too high) has occurred while \output is active []

File: fga_logo.png Graphic file (type png)

<use fga_logo.png>
Package pdftex.def Info: fga_logo.png used on input line 394.
(pdftex.def)             Requested size: 22.76228pt x 21.33958pt.
 [34

] <figs/fig20.png, id=1227, 1023.825pt x 436.63126pt>
File: figs/fig20.png Graphic file (type png)

<use figs/fig20.png>
Package pdftex.def Info: figs/fig20.png used on input line 406.
(pdftex.def)             Requested size: 196.51898pt x 83.80693pt.

Overfull \vbox (3.96194pt too high) has occurred while \output is active []

File: fga_logo.png Graphic file (type png)

<use fga_logo.png>
Package pdftex.def Info: fga_logo.png used on input line 406.
(pdftex.def)             Requested size: 22.76228pt x 21.33958pt.
 [35

 <./figs/fig20.png>]
<figs/fig21.png, id=1262, 854.19125pt x 472.76625pt>
File: figs/fig21.png Graphic file (type png)
 <use figs/fig21.png>
Package pdftex.def Info: figs/fig21.png used on input line 419.
(pdftex.def)             Requested size: 196.51898pt x 108.7628pt.

Overfull \vbox (3.96194pt too high) has occurred while \output is active []

File: fga_logo.png Graphic file (type png)

<use fga_logo.png>
Package pdftex.def Info: fga_logo.png used on input line 419.
(pdftex.def)             Requested size: 22.76228pt x 21.33958pt.
 [36

 <./figs/fig21.png>]
<figs/fig22.png, id=1297, 822.07124pt x 494.84875pt>
File: figs/fig22.png Graphic file (type png)
 <use figs/fig22.png>
Package pdftex.def Info: figs/fig22.png used on input line 431.
(pdftex.def)             Requested size: 196.51898pt x 118.29042pt.

Overfull \vbox (3.96194pt too high) has occurred while \output is active []

File: fga_logo.png Graphic file (type png)

<use fga_logo.png>
Package pdftex.def Info: fga_logo.png used on input line 431.
(pdftex.def)             Requested size: 22.76228pt x 21.33958pt.
 [37

 <./figs/fig22.png>]
<figs/fig23.png, id=1334, 811.03pt x 513.92pt>
File: figs/fig23.png Graphic file (type png)
 <use figs/fig23.png>
Package pdftex.def Info: figs/fig23.png used on input line 443.
(pdftex.def)             Requested size: 196.51898pt x 124.52742pt.

Overfull \vbox (3.96194pt too high) has occurred while \output is active []

File: fga_logo.png Graphic file (type png)

<use fga_logo.png>
Package pdftex.def Info: fga_logo.png used on input line 443.
(pdftex.def)             Requested size: 22.76228pt x 21.33958pt.
 [38

 <./figs/fig23.png>]
Overfull \vbox (3.96194pt too high) has occurred while \output is active []

File: fga_logo.png Graphic file (type png)

<use fga_logo.png>
Package pdftex.def Info: fga_logo.png used on input line 459.
(pdftex.def)             Requested size: 22.76228pt x 21.33958pt.
 [39

]
Overfull \vbox (3.96194pt too high) has occurred while \output is active []

File: fga_logo.png Graphic file (type png)

<use fga_logo.png>
Package pdftex.def Info: fga_logo.png used on input line 475.
(pdftex.def)             Requested size: 22.76228pt x 21.33958pt.
 [40

] <figs/fig4.png, id=1436, 839.135pt x 246.9225pt>
File: figs/fig4.png Graphic file (type png)

<use figs/fig4.png>
Package pdftex.def Info: figs/fig4.png used on input line 491.
(pdftex.def)             Requested size: 168.44728pt x 49.56447pt.

Overfull \vbox (3.96194pt too high) has occurred while \output is active []

File: fga_logo.png Graphic file (type png)

<use fga_logo.png>
Package pdftex.def Info: fga_logo.png used on input line 491.
(pdftex.def)             Requested size: 22.76228pt x 21.33958pt.
 [41

 <./figs/fig4.png>]
<figs/fig5.png, id=1471, 477.785pt x 281.05pt>
File: figs/fig5.png Graphic file (type png)
 <use figs/fig5.png>
Package pdftex.def Info: figs/fig5.png used on input line 508.
(pdftex.def)             Requested size: 168.44728pt x 99.08514pt.

Overfull \vbox (4.87602pt too high) detected at line 508
 []


Overfull \vbox (3.96194pt too high) has occurred while \output is active []

File: fga_logo.png Graphic file (type png)

<use fga_logo.png>
Package pdftex.def Info: fga_logo.png used on input line 508.
(pdftex.def)             Requested size: 22.76228pt x 21.33958pt.
 [42

 <./figs/fig5.png>]
<figs/fig6.png, id=1506, 492.84125pt x 277.035pt>
File: figs/fig6.png Graphic file (type png)
 <use figs/fig6.png>
Package pdftex.def Info: figs/fig6.png used on input line 525.
(pdftex.def)             Requested size: 168.44728pt x 94.68945pt.

Overfull \vbox (0.48033pt too high) detected at line 525
 []


Overfull \vbox (3.96194pt too high) has occurred while \output is active []

File: fga_logo.png Graphic file (type png)

<use fga_logo.png>
Package pdftex.def Info: fga_logo.png used on input line 525.
(pdftex.def)             Requested size: 22.76228pt x 21.33958pt.
 [43

 <./figs/fig6.png>]
<figs/fig7.png, id=1543, 831.105pt x 242.9075pt>
File: figs/fig7.png Graphic file (type png)
 <use figs/fig7.png>
Package pdftex.def Info: figs/fig7.png used on input line 539.
(pdftex.def)             Requested size: 168.44728pt x 49.22926pt.

Overfull \vbox (3.96194pt too high) has occurred while \output is active []

File: fga_logo.png Graphic file (type png)

<use fga_logo.png>
Package pdftex.def Info: fga_logo.png used on input line 539.
(pdftex.def)             Requested size: 22.76228pt x 21.33958pt.
 [44

 <./figs/fig7.png>]
<figs/fig9.png, id=1577, 512.91624pt x 291.0875pt>
File: figs/fig9.png Graphic file (type png)
 <use figs/fig9.png>
Package pdftex.def Info: figs/fig9.png used on input line 553.
(pdftex.def)             Requested size: 168.44728pt x 95.59723pt.

Overfull \vbox (3.96194pt too high) has occurred while \output is active []

File: fga_logo.png Graphic file (type png)

<use fga_logo.png>
Package pdftex.def Info: fga_logo.png used on input line 553.
(pdftex.def)             Requested size: 22.76228pt x 21.33958pt.
 [45

 <./figs/fig9.png>]
Overfull \vbox (3.96194pt too high) has occurred while \output is active []

File: fga_logo.png Graphic file (type png)

<use fga_logo.png>
Package pdftex.def Info: fga_logo.png used on input line 569.
(pdftex.def)             Requested size: 22.76228pt x 21.33958pt.
 [46

] <figs/fig24.png, id=1646, 708.6475pt x 394.47375pt>
File: figs/fig24.png Graphic file (type png)

<use figs/fig24.png>
Package pdftex.def Info: figs/fig24.png used on input line 581.
(pdftex.def)             Requested size: 196.51898pt x 109.39252pt.

Overfull \vbox (3.96194pt too high) has occurred while \output is active []

File: fga_logo.png Graphic file (type png)

<use fga_logo.png>
Package pdftex.def Info: fga_logo.png used on input line 581.
(pdftex.def)             Requested size: 22.76228pt x 21.33958pt.
 [47

 <./figs/fig24.png>]
<figs/fig25.png, id=1681, 770.88pt x 473.77pt>
File: figs/fig25.png Graphic file (type png)
 <use figs/fig25.png>
Package pdftex.def Info: figs/fig25.png used on input line 593.
(pdftex.def)             Requested size: 196.51898pt x 120.77722pt.

Overfull \vbox (3.96194pt too high) has occurred while \output is active []

File: fga_logo.png Graphic file (type png)

<use fga_logo.png>
Package pdftex.def Info: fga_logo.png used on input line 593.
(pdftex.def)             Requested size: 22.76228pt x 21.33958pt.
 [48

 <./figs/fig25.png>]
Overfull \vbox (3.96194pt too high) has occurred while \output is active []

File: fga_logo.png Graphic file (type png)

<use fga_logo.png>
Package pdftex.def Info: fga_logo.png used on input line 606.
(pdftex.def)             Requested size: 22.76228pt x 21.33958pt.
 [49

] <figs/fig26.png, id=1751, 1072.005pt x 539.01375pt>
File: figs/fig26.png Graphic file (type png)

<use figs/fig26.png>
Package pdftex.def Info: figs/fig26.png used on input line 618.
(pdftex.def)             Requested size: 252.66664pt x 127.03835pt.

Overfull \vbox (3.96194pt too high) has occurred while \output is active []

File: fga_logo.png Graphic file (type png)

<use fga_logo.png>
Package pdftex.def Info: fga_logo.png used on input line 618.
(pdftex.def)             Requested size: 22.76228pt x 21.33958pt.
 [50

 <./figs/fig26.png>]
Overfull \vbox (3.96194pt too high) has occurred while \output is active []

File: fga_logo.png Graphic file (type png)

<use fga_logo.png>
Package pdftex.def Info: fga_logo.png used on input line 630.
(pdftex.def)             Requested size: 22.76228pt x 21.33958pt.
 [51

] <figs/fig27.png, id=1819, 1071.00125pt x 552.0625pt>
File: figs/fig27.png Graphic file (type png)

<use figs/fig27.png>
Package pdftex.def Info: figs/fig27.png used on input line 642.
(pdftex.def)             Requested size: 252.66664pt x 130.24013pt.

Overfull \vbox (3.96194pt too high) has occurred while \output is active []

File: fga_logo.png Graphic file (type png)

<use fga_logo.png>
Package pdftex.def Info: fga_logo.png used on input line 642.
(pdftex.def)             Requested size: 22.76228pt x 21.33958pt.
 [52

 <./figs/fig27.png>]
<figs/fig28.png, id=1854, 1054.94125pt x 547.04375pt>
File: figs/fig28.png Graphic file (type png)
 <use figs/fig28.png>
Package pdftex.def Info: figs/fig28.png used on input line 655.
(pdftex.def)             Requested size: 252.66664pt x 131.01772pt.

Overfull \vbox (3.96194pt too high) has occurred while \output is active []

File: fga_logo.png Graphic file (type png)

<use fga_logo.png>
Package pdftex.def Info: fga_logo.png used on input line 655.
(pdftex.def)             Requested size: 22.76228pt x 21.33958pt.
 [53

 <./figs/fig28.png>]
Overfull \vbox (3.96194pt too high) has occurred while \output is active []

File: fga_logo.png Graphic file (type png)

<use fga_logo.png>
Package pdftex.def Info: fga_logo.png used on input line 672.
(pdftex.def)             Requested size: 22.76228pt x 21.33958pt.
 [54

]
Overfull \vbox (3.96194pt too high) has occurred while \output is active []

File: fga_logo.png Graphic file (type png)

<use fga_logo.png>
Package pdftex.def Info: fga_logo.png used on input line 689.
(pdftex.def)             Requested size: 22.76228pt x 21.33958pt.
 [55

]

LaTeX Warning: Command \textendash invalid in math mode on input line 707.


Overfull \vbox (3.96194pt too high) has occurred while \output is active []

File: fga_logo.png Graphic file (type png)

<use fga_logo.png>
Package pdftex.def Info: fga_logo.png used on input line 707.
(pdftex.def)             Requested size: 22.76228pt x 21.33958pt.
 [56

] <figs/fig10.png, id=1993, 952.55875pt x 385.44pt>
File: figs/fig10.png Graphic file (type png)

<use figs/fig10.png>
Package pdftex.def Info: figs/fig10.png used on input line 722.
(pdftex.def)             Requested size: 224.59496pt x 90.87836pt.

Overfull \vbox (3.96194pt too high) has occurred while \output is active []

File: fga_logo.png Graphic file (type png)

<use fga_logo.png>
Package pdftex.def Info: fga_logo.png used on input line 722.
(pdftex.def)             Requested size: 22.76228pt x 21.33958pt.
 [57

 <./figs/fig10.png>]

LaTeX Warning: Command \textendash invalid in math mode on input line 739.


Overfull \vbox (3.96194pt too high) has occurred while \output is active []

File: fga_logo.png Graphic file (type png)

<use fga_logo.png>
Package pdftex.def Info: fga_logo.png used on input line 739.
(pdftex.def)             Requested size: 22.76228pt x 21.33958pt.
 [58

] <figs/fig11.png, id=2062, 936.49875pt x 397.485pt>
File: figs/fig11.png Graphic file (type png)

<use figs/fig11.png>
Package pdftex.def Info: figs/fig11.png used on input line 753.
(pdftex.def)             Requested size: 224.59496pt x 95.32556pt.

Overfull \vbox (3.96194pt too high) has occurred while \output is active []

File: fga_logo.png Graphic file (type png)

<use fga_logo.png>
Package pdftex.def Info: fga_logo.png used on input line 753.
(pdftex.def)             Requested size: 22.76228pt x 21.33958pt.
 [59

 <./figs/fig11.png>]
<figs/fig12.png, id=2098, 956.57375pt x 391.4625pt>
File: figs/fig12.png Graphic file (type png)
 <use figs/fig12.png>
Package pdftex.def Info: figs/fig12.png used on input line 765.
(pdftex.def)             Requested size: 224.59496pt x 91.91006pt.

Overfull \vbox (3.96194pt too high) has occurred while \output is active []

File: fga_logo.png Graphic file (type png)

<use fga_logo.png>
Package pdftex.def Info: fga_logo.png used on input line 765.
(pdftex.def)             Requested size: 22.76228pt x 21.33958pt.
 [60

 <./figs/fig12.png>]
Overfull \vbox (3.96194pt too high) has occurred while \output is active []

File: fga_logo.png Graphic file (type png)

<use fga_logo.png>
Package pdftex.def Info: fga_logo.png used on input line 789.
(pdftex.def)             Requested size: 22.76228pt x 21.33958pt.
 [61

]
Overfull \vbox (3.96194pt too high) has occurred while \output is active []

File: fga_logo.png Graphic file (type png)

<use fga_logo.png>
Package pdftex.def Info: fga_logo.png used on input line 798.
(pdftex.def)             Requested size: 22.76228pt x 21.33958pt.
 [62

])
:<-
\tf@nav=\write7
\openout7 = `main.nav'.

\tf@toc=\write8
\openout8 = `main.toc'.

\tf@snm=\write9
\openout9 = `main.snm'.

Package atveryend Info: Empty hook `BeforeClearDocument' on input line 68.
Package atveryend Info: Empty hook `AfterLastShipout' on input line 68.
(./main.aux (./planejamento.aux))
Package atveryend Info: Executing hook `AtVeryEndDocument' on input line 68.
Package atveryend Info: Executing hook `AtEndAfterFileList' on input line 68.
Package rerunfilecheck Info: File `main.out' has not changed.
(rerunfilecheck)             Checksum: FC99724E6DA461DB79C0106F3E492E7B;435.


LaTeX Font Warning: Size substitutions with differences
(Font)              up to 1.0pt have occurred.


LaTeX Font Warning: Some font shapes were not available, defaults substituted.

Package atveryend Info: Empty hook `AtVeryVeryEnd' on input line 68.
 ) 
Here is how much of TeX's memory you used:
 19352 strings out of 493029
 348215 string characters out of 6136234
 448360 words of memory out of 5000000
 22237 multiletter control sequences out of 15000+600000
 13426 words of font info for 50 fonts, out of 8000000 for 9000
 1141 hyphenation exceptions out of 8191
 49i,20n,59p,409b,753s stack positions out of 5000i,500n,10000p,200000b,80000s
</usr/share/texlive/texmf-dist/fonts/type1/public/amsfonts/cm/cmmi10.pfb></us
r/share/texlive/texmf-dist/fonts/type1/public/amsfonts/cm/cmmi12.pfb></usr/shar
e/texlive/texmf-dist/fonts/type1/public/amsfonts/cm/cmmi8.pfb></usr/share/texli
ve/texmf-dist/fonts/type1/public/amsfonts/cm/cmr10.pfb></usr/share/texlive/texm
f-dist/fonts/type1/public/amsfonts/cm/cmr12.pfb></usr/share/texlive/texmf-dist/
fonts/type1/public/amsfonts/cm/cmss10.pfb></usr/share/texlive/texmf-dist/fonts/
type1/public/amsfonts/cm/cmss12.pfb></usr/share/texlive/texmf-dist/fonts/type1/
public/amsfonts/cm/cmss17.pfb></usr/share/texlive/texmf-dist/fonts/type1/public
/amsfonts/cm/cmss8.pfb></usr/share/texlive/texmf-dist/fonts/type1/public/amsfon
ts/cm/cmssbx10.pfb></usr/share/texlive/texmf-dist/fonts/type1/public/amsfonts/c
m/cmsy10.pfb>
Output written on main.pdf (62 pages, 4844710 bytes).
PDF statistics:
 2266 PDF objects out of 2487 (max. 8388607)
 2106 compressed objects within 22 object streams
 132 named destinations out of 1000 (max. 500000)
 258 words of extra memory for PDF output out of 10000 (max. 10000000)

